2019/09/22 04:42:35 [emerg] 1#1: invalid parameter "error_log" in /etc/nginx/nginx.conf:23
2019/09/22 04:42:37 [emerg] 1#1: invalid parameter "error_log" in /etc/nginx/nginx.conf:23
2019/09/22 04:42:39 [emerg] 1#1: invalid parameter "error_log" in /etc/nginx/nginx.conf:23
2019/09/22 04:42:41 [emerg] 1#1: invalid parameter "error_log" in /etc/nginx/nginx.conf:23
2019/09/22 04:42:44 [emerg] 1#1: invalid parameter "error_log" in /etc/nginx/nginx.conf:23
2019/09/22 04:42:47 [emerg] 1#1: invalid parameter "error_log" in /etc/nginx/nginx.conf:23
2019/09/22 04:42:52 [emerg] 1#1: invalid parameter "error_log" in /etc/nginx/nginx.conf:23
2019/09/22 04:42:59 [emerg] 1#1: invalid parameter "error_log" in /etc/nginx/nginx.conf:23
2019/09/22 04:43:14 [emerg] 1#1: invalid parameter "error_log" in /etc/nginx/nginx.conf:23
2019/09/22 04:43:43 [emerg] 1#1: invalid parameter "error_log" in /etc/nginx/nginx.conf:23
2019/09/22 04:45:06 [emerg] 1#1: invalid parameter "error_log" in /etc/nginx/nginx.conf:26
2019/09/22 04:45:08 [emerg] 1#1: invalid parameter "error_log" in /etc/nginx/nginx.conf:26
2019/09/22 04:45:32 [emerg] 1#1: invalid parameter "error_log" in /etc/nginx/nginx.conf:26
2019/09/22 04:45:34 [emerg] 1#1: invalid parameter "error_log" in /etc/nginx/nginx.conf:26
2019/09/22 04:45:37 [emerg] 1#1: invalid parameter "error_log" in /etc/nginx/nginx.conf:26
2019/09/22 04:45:39 [emerg] 1#1: invalid parameter "error_log" in /etc/nginx/nginx.conf:26
2019/09/22 04:47:10 [emerg] 1#1: invalid parameter "sendfile" in /etc/nginx/nginx.conf:25
2019/09/22 04:47:13 [emerg] 1#1: invalid parameter "sendfile" in /etc/nginx/nginx.conf:25
2019/09/22 04:47:15 [emerg] 1#1: invalid parameter "sendfile" in /etc/nginx/nginx.conf:25
2019/09/22 04:47:17 [emerg] 1#1: invalid parameter "sendfile" in /etc/nginx/nginx.conf:25
2019/09/22 04:47:20 [emerg] 1#1: invalid parameter "sendfile" in /etc/nginx/nginx.conf:25
2019/09/22 04:48:26 [emerg] 1#1: invalid parameter "sendfile" in /etc/nginx/nginx.conf:25
2019/09/22 04:48:29 [emerg] 1#1: invalid parameter "sendfile" in /etc/nginx/nginx.conf:25
2019/09/22 04:48:31 [emerg] 1#1: invalid parameter "sendfile" in /etc/nginx/nginx.conf:25
2019/09/22 04:49:59 [emerg] 1#1: invalid parameter "sendfile" in /etc/nginx/nginx.conf:25
2019/09/22 04:50:02 [emerg] 1#1: invalid parameter "sendfile" in /etc/nginx/nginx.conf:25
2019/09/22 04:50:05 [emerg] 1#1: invalid parameter "sendfile" in /etc/nginx/nginx.conf:25
2019/09/22 04:50:44 [emerg] 1#1: invalid parameter "sendfile" in /etc/nginx/nginx.conf:25
2019/09/22 04:50:47 [emerg] 1#1: invalid parameter "sendfile" in /etc/nginx/nginx.conf:25
2019/09/22 04:50:50 [emerg] 1#1: invalid parameter "sendfile" in /etc/nginx/nginx.conf:25
2019/09/22 04:50:52 [emerg] 1#1: invalid parameter "sendfile" in /etc/nginx/nginx.conf:25
2019/09/22 04:50:55 [emerg] 1#1: invalid parameter "sendfile" in /etc/nginx/nginx.conf:25
2019/09/22 04:50:58 [emerg] 1#1: invalid parameter "sendfile" in /etc/nginx/nginx.conf:25
2019/09/22 04:51:03 [emerg] 1#1: invalid parameter "sendfile" in /etc/nginx/nginx.conf:25
2019/09/22 04:51:27 [emerg] 1#1: invalid parameter "keepalive_timeout" in /etc/nginx/nginx.conf:25
2019/09/22 04:51:29 [emerg] 1#1: invalid parameter "keepalive_timeout" in /etc/nginx/nginx.conf:25
2019/09/22 04:51:32 [emerg] 1#1: invalid parameter "keepalive_timeout" in /etc/nginx/nginx.conf:25
2019/09/22 04:51:35 [emerg] 1#1: invalid parameter "keepalive_timeout" in /etc/nginx/nginx.conf:25
2019/09/22 04:51:37 [emerg] 1#1: invalid parameter "keepalive_timeout" in /etc/nginx/nginx.conf:25
2019/09/22 04:51:40 [emerg] 1#1: invalid parameter "keepalive_timeout" in /etc/nginx/nginx.conf:25
2019/09/22 04:51:45 [emerg] 1#1: invalid parameter "keepalive_timeout" in /etc/nginx/nginx.conf:25
2019/09/22 04:51:53 [emerg] 1#1: invalid parameter "keepalive_timeout" in /etc/nginx/nginx.conf:25
2019/09/22 04:52:08 [emerg] 1#1: invalid parameter "keepalive_timeout" in /etc/nginx/nginx.conf:25
2019/09/22 04:52:23 [emerg] 1#1: unexpected "}" in /etc/nginx/nginx.conf:30
2019/09/22 04:52:25 [emerg] 1#1: unexpected "}" in /etc/nginx/nginx.conf:30
2019/09/22 04:52:28 [emerg] 1#1: unexpected "}" in /etc/nginx/nginx.conf:30
2019/09/22 04:52:30 [emerg] 1#1: unexpected "}" in /etc/nginx/nginx.conf:30
2019/09/22 04:53:16 [emerg] 1#1: invalid number of arguments in "include" directive in /etc/nginx/nginx.conf:16
2019/09/22 04:53:18 [emerg] 1#1: invalid number of arguments in "include" directive in /etc/nginx/nginx.conf:16
2019/09/22 04:53:21 [emerg] 1#1: invalid number of arguments in "include" directive in /etc/nginx/nginx.conf:16
2019/09/22 04:53:23 [emerg] 1#1: invalid number of arguments in "include" directive in /etc/nginx/nginx.conf:16
2019/09/22 04:54:03 [emerg] 1#1: unexpected "}" in /etc/nginx/nginx.conf:29
2019/09/22 04:54:06 [emerg] 1#1: unexpected "}" in /etc/nginx/nginx.conf:29
2019/09/22 04:54:09 [emerg] 1#1: unexpected "}" in /etc/nginx/nginx.conf:29
2019/09/22 04:54:11 [emerg] 1#1: unexpected "}" in /etc/nginx/nginx.conf:29
2019/09/22 04:56:51 [emerg] 1#1: unexpected end of file, expecting ";" or "}" in /etc/nginx/nginx.conf:30
2019/09/22 04:56:53 [emerg] 1#1: unexpected end of file, expecting ";" or "}" in /etc/nginx/nginx.conf:30
2019/09/22 04:56:56 [emerg] 1#1: unexpected end of file, expecting ";" or "}" in /etc/nginx/nginx.conf:30
2019/09/22 04:56:59 [emerg] 1#1: unexpected end of file, expecting ";" or "}" in /etc/nginx/nginx.conf:30
2019/09/22 04:57:01 [emerg] 1#1: unexpected end of file, expecting ";" or "}" in /etc/nginx/nginx.conf:30
